[0222/192406.843:WARNING:frame_impl.cc(423)] SendProcessMessage sent to detached frame 17179869185 [4,1] will be ignored
[0222/193132.697:WARNING:frame_impl.cc(423)] SendProcessMessage sent to detached frame 21474836481 [5,1] will be ignored
[0222/193132.732:WARNING:frame_impl.cc(423)] SendProcessMessage sent to detached frame 25769803777 [6,1] will be ignored
[0222/193132.745:WARNING:frame_impl.cc(423)] SendProcessMessage sent to detached frame 30064771073 [7,1] will be ignored
[0222/193132.789:WARNING:frame_impl.cc(423)] SendProcessMessage sent to detached frame 17179869185 [4,1] will be ignored
[0222/193132.818:WARNING:frame_impl.cc(423)] SendProcessMessage sent to detached frame 34359738369 [8,1] will be ignored
[0222/193132.938:WARNING:frame_impl.cc(423)] SendProcessMessage sent to detached frame 42949672961 [10,1] will be ignored
[0222/193132.973:WARNING:frame_impl.cc(423)] SendProcessMessage sent to detached frame 47244640257 [11,1] will be ignored
[0222/193133.010:WARNING:frame_impl.cc(423)] SendProcessMessage sent to detached frame 51539607553 [12,1] will be ignored
[0222/193133.035:WARNING:frame_impl.cc(423)] SendProcessMessage sent to detached frame 55834574849 [13,1] will be ignored
[0222/193133.098:WARNING:frame_impl.cc(423)] SendProcessMessage sent to detached frame 60129542145 [14,1] will be ignored
[0222/193133.100:WARNING:frame_impl.cc(423)] SendProcessMessage sent to detached frame 64424509441 [15,1] will be ignored
[0222/193133.110:WARNING:frame_impl.cc(423)] SendProcessMessage sent to detached frame 77309411329 [18,1] will be ignored
[0222/193133.111:WARNING:frame_impl.cc(423)] SendProcessMessage sent to detached frame 81604378625 [19,1] will be ignored
[0222/193133.115:WARNING:frame_impl.cc(423)] SendProcessMessage sent to detached frame 90194313217 [21,1] will be ignored
[0222/193133.125:WARNING:frame_impl.cc(423)] SendProcessMessage sent to detached frame 98784247809 [23,1] will be ignored
[0222/193133.132:WARNING:frame_impl.cc(423)] SendProcessMessage sent to detached frame 107374182401 [25,1] will be ignored
[0222/193133.136:WARNING:frame_impl.cc(423)] SendProcessMessage sent to detached frame 115964116993 [27,1] will be ignored
[0222/193133.142:WARNING:frame_impl.cc(423)] SendProcessMessage sent to detached frame 124554051585 [29,1] will be ignored
[0222/193133.144:WARNING:frame_impl.cc(423)] SendProcessMessage sent to detached frame 133143986177 [31,1] will be ignored
[0222/193133.145:WARNING:frame_impl.cc(423)] SendProcessMessage sent to detached frame 111669149697 [26,1] will be ignored
[0222/193133.147:WARNING:frame_impl.cc(423)] SendProcessMessage sent to detached frame 141733920769 [33,1] will be ignored
[0222/193133.153:WARNING:frame_impl.cc(423)] SendProcessMessage sent to detached frame 150323855361 [35,1] will be ignored
[0222/193133.154:WARNING:frame_impl.cc(423)] SendProcessMessage sent to detached frame 128849018881 [30,1] will be ignored
[0222/193133.155:WARNING:frame_impl.cc(423)] SendProcessMessage sent to detached frame 137438953473 [32,1] will be ignored
[0222/193133.154:WARNING:frame_impl.cc(423)] SendProcessMessage sent to detached frame 120259084289 [28,1] will be ignored
[0222/193133.158:WARNING:frame_impl.cc(423)] SendProcessMessage sent to detached frame 158913789956 [37,4] will be ignored
[0222/193133.163:WARNING:frame_impl.cc(423)] SendProcessMessage sent to detached frame 146028888065 [34,1] will be ignored
[0222/193133.163:WARNING:frame_impl.cc(423)] SendProcessMessage sent to detached frame 158913789953 [37,1] will be ignored
[0222/193358.243:WARNING:frame_impl.cc(423)] SendProcessMessage sent to detached frame 21474836481 [5,1] will be ignored
[0222/193358.598:INFO:modulator_impl_base.cc(135)] "Import Map: \"blob:https://www.bing.com/20f29df7-de2f-42d6-a57f-cd1e563e686a\" skips prefix match because of non-special URL scheme"
[0222/193358.602:INFO:modulator_impl_base.cc(135)] "Import Map: \"blob:https://www.bing.com/dcc8dd8b-2fcd-446c-bf55-149d8a85f6c0\" skips prefix match because of non-special URL scheme"
[0222/193358.644:INFO:modulator_impl_base.cc(135)] "Import Map: \"data:text/json,{}\" skips prefix match because of non-special URL scheme"
[0222/193358.669:INFO:modulator_impl_base.cc(135)] "Import Map: \"x\" matches with \"x\" and is mapped to data:text/javascript,"
[0222/193359.219:WARNING:browser_info.cc(301)] Returning a speculative frame for 34359738373 [8,5]
[0222/193359.362:WARNING:browser_info.cc(301)] Returning a speculative frame for 42949672966 [10,6]
[0222/193359.584:WARNING:browser_info.cc(301)] Returning a speculative frame for 34359738373 [8,5]
[0222/193359.585:WARNING:browser_info.cc(301)] Returning a speculative frame for 34359738373 [8,5]
[0222/193359.586:WARNING:browser_info.cc(301)] Returning a speculative frame for 34359738373 [8,5]
[0222/193359.586:WARNING:browser_info.cc(301)] Returning a speculative frame for 34359738373 [8,5]
[0222/193359.716:WARNING:browser_info.cc(301)] Returning a speculative frame for 30064771081 [7,9]
[0222/193359.717:WARNING:browser_info.cc(301)] Returning a speculative frame for 30064771081 [7,9]
[0222/193359.717:WARNING:browser_info.cc(301)] Returning a speculative frame for 30064771081 [7,9]
[0222/193359.717:WARNING:browser_info.cc(301)] Returning a speculative frame for 30064771081 [7,9]
[0222/193400.766:WARNING:frame_impl.cc(423)] SendProcessMessage sent to detached frame 30064771076 [7,4] will be ignored
[0222/193402.374:WARNING:frame_impl.cc(423)] SendProcessMessage sent to detached frame 47244640260 [11,4] will be ignored
[0222/193402.607:INFO:modulator_impl_base.cc(135)] "Import Map: \"blob:https://www.bing.com/451b8912-9ec9-4471-bebd-469ebe0a235f\" skips prefix match because of non-special URL scheme"
[0222/193402.609:INFO:modulator_impl_base.cc(135)] "Import Map: \"blob:https://www.bing.com/1726bdf8-3269-4479-b786-5025594bf120\" skips prefix match because of non-special URL scheme"
[0222/193402.617:INFO:modulator_impl_base.cc(135)] "Import Map: \"data:text/json,{}\" skips prefix match because of non-special URL scheme"
[0222/193402.625:INFO:modulator_impl_base.cc(135)] "Import Map: \"x\" matches with \"x\" and is mapped to data:text/javascript,"
[0222/193402.907:WARNING:browser_info.cc(301)] Returning a speculative frame for 55834574853 [13,5]
[0222/193403.017:WARNING:browser_info.cc(301)] Returning a speculative frame for 55834574853 [13,5]
[0222/193403.018:WARNING:browser_info.cc(301)] Returning a speculative frame for 55834574853 [13,5]
[0222/193403.018:WARNING:browser_info.cc(301)] Returning a speculative frame for 55834574853 [13,5]
[0222/193403.019:WARNING:browser_info.cc(301)] Returning a speculative frame for 55834574853 [13,5]
[0222/193403.062:WARNING:browser_info.cc(301)] Returning a speculative frame for 60129542150 [14,6]
[0222/193403.190:WARNING:browser_info.cc(301)] Returning a speculative frame for 51539607561 [12,9]
[0222/193403.191:WARNING:browser_info.cc(301)] Returning a speculative frame for 51539607561 [12,9]
[0222/193403.191:WARNING:browser_info.cc(301)] Returning a speculative frame for 51539607561 [12,9]
[0222/193403.192:WARNING:browser_info.cc(301)] Returning a speculative frame for 51539607561 [12,9]
[0222/193405.467:INFO:CONSOLE(0)] "The resource https://r.bing.com/rp/lmu8EBCaPRMKtay8LSArGyY3mv4.br.js was preloaded using link preload but not used within a few seconds from the window's load event. Please make sure it has an appropriate `as` value and it is preloaded intentionally.", source: https://www.bing.com/?toWww=1&redig=015693A0CC574D478197EA477B6357E2 (0)
[0222/193411.201:INFO:CONSOLE(0)] "Error with Permissions-Policy header: Unrecognized feature: 'interest-cohort'.", source:  (0)
[0222/193411.238:WARNING:frame_impl.cc(423)] SendProcessMessage sent to detached frame 17179869185 [4,1] will be ignored
[0222/193411.869:INFO:CONSOLE(0)] "Error with Permissions-Policy header: Unrecognized feature: 'interest-cohort'.", source:  (0)
[0222/193416.382:WARNING:frame_impl.cc(423)] SendProcessMessage sent to detached frame 51539607556 [12,4] will be ignored
[0222/193416.987:WARNING:frame_impl.cc(423)] SendProcessMessage sent to detached frame 73014444036 [17,4] will be ignored
[0222/193417.210:INFO:modulator_impl_base.cc(135)] "Import Map: \"blob:https://www.bing.com/76cc181d-0099-4462-9fc2-c56a5b115e68\" skips prefix match because of non-special URL scheme"
[0222/193417.212:INFO:modulator_impl_base.cc(135)] "Import Map: \"blob:https://www.bing.com/8d562f57-5189-4af0-9dc4-2f9cbbc3aafd\" skips prefix match because of non-special URL scheme"
[0222/193417.220:INFO:modulator_impl_base.cc(135)] "Import Map: \"data:text/json,{}\" skips prefix match because of non-special URL scheme"
[0222/193417.228:INFO:modulator_impl_base.cc(135)] "Import Map: \"x\" matches with \"x\" and is mapped to data:text/javascript,"
[0222/193417.527:WARNING:browser_info.cc(301)] Returning a speculative frame for 81604378629 [19,5]
[0222/193417.631:WARNING:browser_info.cc(301)] Returning a speculative frame for 81604378629 [19,5]
[0222/193417.632:WARNING:browser_info.cc(301)] Returning a speculative frame for 81604378629 [19,5]
[0222/193417.632:WARNING:browser_info.cc(301)] Returning a speculative frame for 81604378629 [19,5]
[0222/193417.632:WARNING:browser_info.cc(301)] Returning a speculative frame for 81604378629 [19,5]
[0222/193417.668:WARNING:browser_info.cc(301)] Returning a speculative frame for 85899345926 [20,6]
[0222/193417.747:WARNING:browser_info.cc(301)] Returning a speculative frame for 77309411337 [18,9]
[0222/193417.748:WARNING:browser_info.cc(301)] Returning a speculative frame for 77309411337 [18,9]
[0222/193417.748:WARNING:browser_info.cc(301)] Returning a speculative frame for 77309411337 [18,9]
[0222/193417.748:WARNING:browser_info.cc(301)] Returning a speculative frame for 77309411337 [18,9]
[0222/193420.084:INFO:CONSOLE(0)] "The resource https://r.bing.com/rp/lmu8EBCaPRMKtay8LSArGyY3mv4.br.js was preloaded using link preload but not used within a few seconds from the window's load event. Please make sure it has an appropriate `as` value and it is preloaded intentionally.", source: https://www.bing.com/?toWww=1&redig=015693A0CC574D478197EA477B6357E2 (0)
[0222/193550.480:WARNING:frame_impl.cc(423)] SendProcessMessage sent to detached frame 77309411332 [18,4] will be ignored
[0222/194507.920:ERROR:gpu_init.cc(454)] Passthrough is not supported, GL is disabled, ANGLE is 
[0222/194635.167:WARNING:frame_impl.cc(423)] SendProcessMessage sent to detached frame 17179869185 [4,1] will be ignored
